<?xml version="1.0" encoding="UTF-8"?>
<testsuite xmlns:xsi="http://www.w3.org/2001/XMLSchema-instance" xsi:noNamespaceSchemaLocation="https://maven.apache.org/surefire/maven-surefire-plugin/xsd/surefire-test-report-3.0.xsd" version="3.0" name="TestSuite" time="37.423" tests="35" errors="0" skipped="0" failures="14">
  <properties>
    <property name="sun.desktop" value="windows"/>
    <property name="awt.toolkit" value="sun.awt.windows.WToolkit"/>
    <property name="file.encoding.pkg" value="sun.io"/>
    <property name="java.specification.version" value="1.8"/>
    <property name="sun.cpu.isalist" value="amd64"/>
    <property name="sun.jnu.encoding" value="Cp1252"/>
    <property name="java.class.path" value="D:\Software Testing\RestAssured\Rest-assured-hybrid\target\test-classes;D:\Software Testing\RestAssured\Rest-assured-hybrid\target\classes;C:\Users\varghese\.m2\repository\io\rest-assured\rest-assured\4.3.3\rest-assured-4.3.3.jar;C:\Users\varghese\.m2\repository\org\codehaus\groovy\groovy\3.0.7\groovy-3.0.7.jar;C:\Users\varghese\.m2\repository\org\codehaus\groovy\groovy-xml\3.0.7\groovy-xml-3.0.7.jar;C:\Users\varghese\.m2\repository\org\apache\httpcomponents\httpclient\4.5.3\httpclient-4.5.3.jar;C:\Users\varghese\.m2\repository\org\apache\httpcomponents\httpcore\4.4.6\httpcore-4.4.6.jar;C:\Users\varghese\.m2\repository\commons-logging\commons-logging\1.2\commons-logging-1.2.jar;C:\Users\varghese\.m2\repository\org\apache\httpcomponents\httpmime\4.5.3\httpmime-4.5.3.jar;C:\Users\varghese\.m2\repository\org\hamcrest\hamcrest\2.1\hamcrest-2.1.jar;C:\Users\varghese\.m2\repository\org\ccil\cowan\tagsoup\tagsoup\1.2.1\tagsoup-1.2.1.jar;C:\Users\varghese\.m2\repository\io\rest-assured\json-path\4.3.3\json-path-4.3.3.jar;C:\Users\varghese\.m2\repository\org\codehaus\groovy\groovy-json\3.0.7\groovy-json-3.0.7.jar;C:\Users\varghese\.m2\repository\io\rest-assured\rest-assured-common\4.3.3\rest-assured-common-4.3.3.jar;C:\Users\varghese\.m2\repository\io\rest-assured\xml-path\4.3.3\xml-path-4.3.3.jar;C:\Users\varghese\.m2\repository\org\apache\commons\commons-lang3\3.11\commons-lang3-3.11.jar;C:\Users\varghese\.m2\repository\jakarta\xml\bind\jakarta.xml.bind-api\2.3.3\jakarta.xml.bind-api-2.3.3.jar;C:\Users\varghese\.m2\repository\jakarta\activation\jakarta.activation-api\1.2.2\jakarta.activation-api-1.2.2.jar;C:\Users\varghese\.m2\repository\com\sun\xml\bind\jaxb-impl\2.3.3\jaxb-impl-2.3.3.jar;C:\Users\varghese\.m2\repository\org\testng\testng\7.1.0\testng-7.1.0.jar;C:\Users\varghese\.m2\repository\com\beust\jcommander\1.72\jcommander-1.72.jar;C:\Users\varghese\.m2\repository\com\google\inject\guice\4.1.0\guice-4.1.0-no_aop.jar;C:\Users\varghese\.m2\repository\javax\inject\javax.inject\1\javax.inject-1.jar;C:\Users\varghese\.m2\repository\aopalliance\aopalliance\1.0\aopalliance-1.0.jar;C:\Users\varghese\.m2\repository\com\google\guava\guava\19.0\guava-19.0.jar;C:\Users\varghese\.m2\repository\org\yaml\snakeyaml\1.21\snakeyaml-1.21.jar;C:\Users\varghese\.m2\repository\com\googlecode\json-simple\json-simple\1.1.1\json-simple-1.1.1.jar;C:\Users\varghese\.m2\repository\junit\junit\4.10\junit-4.10.jar;C:\Users\varghese\.m2\repository\org\hamcrest\hamcrest-core\1.1\hamcrest-core-1.1.jar;C:\Users\varghese\.m2\repository\org\apache\poi\poi\5.0.0\poi-5.0.0.jar;C:\Users\varghese\.m2\repository\org\slf4j\slf4j-api\1.7.30\slf4j-api-1.7.30.jar;C:\Users\varghese\.m2\repository\org\slf4j\jcl-over-slf4j\1.7.30\jcl-over-slf4j-1.7.30.jar;C:\Users\varghese\.m2\repository\commons-codec\commons-codec\1.15\commons-codec-1.15.jar;C:\Users\varghese\.m2\repository\org\apache\commons\commons-collections4\4.4\commons-collections4-4.4.jar;C:\Users\varghese\.m2\repository\org\apache\commons\commons-math3\3.6.1\commons-math3-3.6.1.jar;C:\Users\varghese\.m2\repository\com\zaxxer\SparseBitSet\1.2\SparseBitSet-1.2.jar;C:\Users\varghese\.m2\repository\org\apache\poi\poi-ooxml\5.0.0\poi-ooxml-5.0.0.jar;C:\Users\varghese\.m2\repository\org\apache\poi\poi-ooxml-lite\5.0.0\poi-ooxml-lite-5.0.0.jar;C:\Users\varghese\.m2\repository\org\apache\xmlbeans\xmlbeans\4.0.0\xmlbeans-4.0.0.jar;C:\Users\varghese\.m2\repository\xml-apis\xml-apis\1.4.01\xml-apis-1.4.01.jar;C:\Users\varghese\.m2\repository\org\apache\commons\commons-compress\1.20\commons-compress-1.20.jar;C:\Users\varghese\.m2\repository\com\github\virtuald\curvesapi\1.06\curvesapi-1.06.jar;C:\Users\varghese\.m2\repository\org\bouncycastle\bcpkix-jdk15on\1.68\bcpkix-jdk15on-1.68.jar;C:\Users\varghese\.m2\repository\org\bouncycastle\bcprov-jdk15on\1.68\bcprov-jdk15on-1.68.jar;C:\Users\varghese\.m2\repository\org\apache\santuario\xmlsec\2.2.1\xmlsec-2.2.1.jar;C:\Users\varghese\.m2\repository\com\fasterxml\woodstox\woodstox-core\5.2.1\woodstox-core-5.2.1.jar;C:\Users\varghese\.m2\repository\org\codehaus\woodstox\stax2-api\4.2\stax2-api-4.2.jar;C:\Users\varghese\.m2\repository\org\apache\xmlgraphics\batik-all\1.13\batik-all-1.13.jar;C:\Users\varghese\.m2\repository\org\apache\xmlgraphics\batik-anim\1.13\batik-anim-1.13.jar;C:\Users\varghese\.m2\repository\org\apache\xmlgraphics\batik-shared-resources\1.13\batik-shared-resources-1.13.jar;C:\Users\varghese\.m2\repository\xml-apis\xml-apis-ext\1.3.04\xml-apis-ext-1.3.04.jar;C:\Users\varghese\.m2\repository\org\apache\xmlgraphics\batik-awt-util\1.13\batik-awt-util-1.13.jar;C:\Users\varghese\.m2\repository\org\apache\xmlgraphics\xmlgraphics-commons\2.4\xmlgraphics-commons-2.4.jar;C:\Users\varghese\.m2\repository\commons-io\commons-io\1.3.1\commons-io-1.3.1.jar;C:\Users\varghese\.m2\repository\org\apache\xmlgraphics\batik-bridge\1.13\batik-bridge-1.13.jar;C:\Users\varghese\.m2\repository\org\apache\xmlgraphics\batik-codec\1.13\batik-codec-1.13.jar;C:\Users\varghese\.m2\repository\org\apache\xmlgraphics\batik-constants\1.13\batik-constants-1.13.jar;C:\Users\varghese\.m2\repository\org\apache\xmlgraphics\batik-css\1.13\batik-css-1.13.jar;C:\Users\varghese\.m2\repository\org\apache\xmlgraphics\batik-dom\1.13\batik-dom-1.13.jar;C:\Users\varghese\.m2\repository\xalan\xalan\2.7.2\xalan-2.7.2.jar;C:\Users\varghese\.m2\repository\xalan\serializer\2.7.2\serializer-2.7.2.jar;C:\Users\varghese\.m2\repository\org\apache\xmlgraphics\batik-ext\1.13\batik-ext-1.13.jar;C:\Users\varghese\.m2\repository\org\apache\xmlgraphics\batik-extension\1.13\batik-extension-1.13.jar;C:\Users\varghese\.m2\repository\org\apache\xmlgraphics\batik-gui-util\1.13\batik-gui-util-1.13.jar;C:\Users\varghese\.m2\repository\org\apache\xmlgraphics\batik-gvt\1.13\batik-gvt-1.13.jar;C:\Users\varghese\.m2\repository\org\apache\xmlgraphics\batik-i18n\1.13\batik-i18n-1.13.jar;C:\Users\varghese\.m2\repository\org\apache\xmlgraphics\batik-parser\1.13\batik-parser-1.13.jar;C:\Users\varghese\.m2\repository\org\apache\xmlgraphics\batik-rasterizer-ext\1.13\batik-rasterizer-ext-1.13.jar;C:\Users\varghese\.m2\repository\org\apache\xmlgraphics\batik-rasterizer\1.13\batik-rasterizer-1.13.jar;C:\Users\varghese\.m2\repository\org\apache\xmlgraphics\batik-script\1.13\batik-script-1.13.jar;C:\Users\varghese\.m2\repository\org\apache\xmlgraphics\batik-slideshow\1.13\batik-slideshow-1.13.jar;C:\Users\varghese\.m2\repository\org\apache\xmlgraphics\batik-squiggle-ext\1.13\batik-squiggle-ext-1.13.jar;C:\Users\varghese\.m2\repository\org\apache\xmlgraphics\batik-squiggle\1.13\batik-squiggle-1.13.jar;C:\Users\varghese\.m2\repository\org\apache\xmlgraphics\batik-svg-dom\1.13\batik-svg-dom-1.13.jar;C:\Users\varghese\.m2\repository\org\apache\xmlgraphics\batik-svgbrowser\1.13\batik-svgbrowser-1.13.jar;C:\Users\varghese\.m2\repository\org\apache\xmlgraphics\batik-svggen\1.13\batik-svggen-1.13.jar;C:\Users\varghese\.m2\repository\org\apache\xmlgraphics\batik-svgpp\1.13\batik-svgpp-1.13.jar;C:\Users\varghese\.m2\repository\org\apache\xmlgraphics\batik-svgrasterizer\1.13\batik-svgrasterizer-1.13.jar;C:\Users\varghese\.m2\repository\org\apache\xmlgraphics\batik-swing\1.13\batik-swing-1.13.jar;C:\Users\varghese\.m2\repository\org\apache\xmlgraphics\batik-transcoder\1.13\batik-transcoder-1.13.jar;C:\Users\varghese\.m2\repository\org\apache\xmlgraphics\batik-util\1.13\batik-util-1.13.jar;C:\Users\varghese\.m2\repository\org\apache\xmlgraphics\batik-ttf2svg\1.13\batik-ttf2svg-1.13.jar;C:\Users\varghese\.m2\repository\org\apache\xmlgraphics\batik-xml\1.13\batik-xml-1.13.jar;C:\Users\varghese\.m2\repository\de\rototor\pdfbox\graphics2d\0.30\graphics2d-0.30.jar;C:\Users\varghese\.m2\repository\org\apache\pdfbox\pdfbox\2.0.22\pdfbox-2.0.22.jar;C:\Users\varghese\.m2\repository\org\apache\pdfbox\fontbox\2.0.22\fontbox-2.0.22.jar;C:\Users\varghese\.m2\repository\com\aventstack\extentreports\4.0.8\extentreports-4.0.8.jar;C:\Users\varghese\.m2\repository\org\freemarker\freemarker\2.3.23\freemarker-2.3.23.jar;C:\Users\varghese\.m2\repository\org\mongodb\mongodb-driver\3.3.0\mongodb-driver-3.3.0.jar;C:\Users\varghese\.m2\repository\org\mongodb\mongodb-driver-core\3.3.0\mongodb-driver-core-3.3.0.jar;C:\Users\varghese\.m2\repository\org\mongodb\bson\3.3.0\bson-3.3.0.jar;C:\Users\varghese\.m2\repository\com\google\code\gson\gson\2.8.5\gson-2.8.5.jar;C:\Users\varghese\.m2\repository\log4j\log4j\1.2.17\log4j-1.2.17.jar;"/>
    <property name="java.vm.vendor" value="Oracle Corporation"/>
    <property name="sun.arch.data.model" value="64"/>
    <property name="user.variant" value=""/>
    <property name="java.vendor.url" value="http://java.oracle.com/"/>
    <property name="user.timezone" value="Asia/Calcutta"/>
    <property name="java.vm.specification.version" value="1.8"/>
    <property name="os.name" value="Windows 10"/>
    <property name="user.country" value="IN"/>
    <property name="sun.java.launcher" value="SUN_STANDARD"/>
    <property name="sun.boot.library.path" value="C:\Program Files\Java\jdk1.8.0_202\jre\bin"/>
    <property name="sun.java.command" value="C:\Users\varghese\AppData\Local\Temp\surefire4206380339646440677\surefirebooter5739999910762038985.jar C:\Users\varghese\AppData\Local\Temp\surefire4206380339646440677 2021-11-28T18-38-41_836-jvmRun1 surefire7781252093220100142tmp surefire_022290804672929996tmp"/>
    <property name="surefire.test.class.path" value="D:\Software Testing\RestAssured\Rest-assured-hybrid\target\test-classes;D:\Software Testing\RestAssured\Rest-assured-hybrid\target\classes;C:\Users\varghese\.m2\repository\io\rest-assured\rest-assured\4.3.3\rest-assured-4.3.3.jar;C:\Users\varghese\.m2\repository\org\codehaus\groovy\groovy\3.0.7\groovy-3.0.7.jar;C:\Users\varghese\.m2\repository\org\codehaus\groovy\groovy-xml\3.0.7\groovy-xml-3.0.7.jar;C:\Users\varghese\.m2\repository\org\apache\httpcomponents\httpclient\4.5.3\httpclient-4.5.3.jar;C:\Users\varghese\.m2\repository\org\apache\httpcomponents\httpcore\4.4.6\httpcore-4.4.6.jar;C:\Users\varghese\.m2\repository\commons-logging\commons-logging\1.2\commons-logging-1.2.jar;C:\Users\varghese\.m2\repository\org\apache\httpcomponents\httpmime\4.5.3\httpmime-4.5.3.jar;C:\Users\varghese\.m2\repository\org\hamcrest\hamcrest\2.1\hamcrest-2.1.jar;C:\Users\varghese\.m2\repository\org\ccil\cowan\tagsoup\tagsoup\1.2.1\tagsoup-1.2.1.jar;C:\Users\varghese\.m2\repository\io\rest-assured\json-path\4.3.3\json-path-4.3.3.jar;C:\Users\varghese\.m2\repository\org\codehaus\groovy\groovy-json\3.0.7\groovy-json-3.0.7.jar;C:\Users\varghese\.m2\repository\io\rest-assured\rest-assured-common\4.3.3\rest-assured-common-4.3.3.jar;C:\Users\varghese\.m2\repository\io\rest-assured\xml-path\4.3.3\xml-path-4.3.3.jar;C:\Users\varghese\.m2\repository\org\apache\commons\commons-lang3\3.11\commons-lang3-3.11.jar;C:\Users\varghese\.m2\repository\jakarta\xml\bind\jakarta.xml.bind-api\2.3.3\jakarta.xml.bind-api-2.3.3.jar;C:\Users\varghese\.m2\repository\jakarta\activation\jakarta.activation-api\1.2.2\jakarta.activation-api-1.2.2.jar;C:\Users\varghese\.m2\repository\com\sun\xml\bind\jaxb-impl\2.3.3\jaxb-impl-2.3.3.jar;C:\Users\varghese\.m2\repository\org\testng\testng\7.1.0\testng-7.1.0.jar;C:\Users\varghese\.m2\repository\com\beust\jcommander\1.72\jcommander-1.72.jar;C:\Users\varghese\.m2\repository\com\google\inject\guice\4.1.0\guice-4.1.0-no_aop.jar;C:\Users\varghese\.m2\repository\javax\inject\javax.inject\1\javax.inject-1.jar;C:\Users\varghese\.m2\repository\aopalliance\aopalliance\1.0\aopalliance-1.0.jar;C:\Users\varghese\.m2\repository\com\google\guava\guava\19.0\guava-19.0.jar;C:\Users\varghese\.m2\repository\org\yaml\snakeyaml\1.21\snakeyaml-1.21.jar;C:\Users\varghese\.m2\repository\com\googlecode\json-simple\json-simple\1.1.1\json-simple-1.1.1.jar;C:\Users\varghese\.m2\repository\junit\junit\4.10\junit-4.10.jar;C:\Users\varghese\.m2\repository\org\hamcrest\hamcrest-core\1.1\hamcrest-core-1.1.jar;C:\Users\varghese\.m2\repository\org\apache\poi\poi\5.0.0\poi-5.0.0.jar;C:\Users\varghese\.m2\repository\org\slf4j\slf4j-api\1.7.30\slf4j-api-1.7.30.jar;C:\Users\varghese\.m2\repository\org\slf4j\jcl-over-slf4j\1.7.30\jcl-over-slf4j-1.7.30.jar;C:\Users\varghese\.m2\repository\commons-codec\commons-codec\1.15\commons-codec-1.15.jar;C:\Users\varghese\.m2\repository\org\apache\commons\commons-collections4\4.4\commons-collections4-4.4.jar;C:\Users\varghese\.m2\repository\org\apache\commons\commons-math3\3.6.1\commons-math3-3.6.1.jar;C:\Users\varghese\.m2\repository\com\zaxxer\SparseBitSet\1.2\SparseBitSet-1.2.jar;C:\Users\varghese\.m2\repository\org\apache\poi\poi-ooxml\5.0.0\poi-ooxml-5.0.0.jar;C:\Users\varghese\.m2\repository\org\apache\poi\poi-ooxml-lite\5.0.0\poi-ooxml-lite-5.0.0.jar;C:\Users\varghese\.m2\repository\org\apache\xmlbeans\xmlbeans\4.0.0\xmlbeans-4.0.0.jar;C:\Users\varghese\.m2\repository\xml-apis\xml-apis\1.4.01\xml-apis-1.4.01.jar;C:\Users\varghese\.m2\repository\org\apache\commons\commons-compress\1.20\commons-compress-1.20.jar;C:\Users\varghese\.m2\repository\com\github\virtuald\curvesapi\1.06\curvesapi-1.06.jar;C:\Users\varghese\.m2\repository\org\bouncycastle\bcpkix-jdk15on\1.68\bcpkix-jdk15on-1.68.jar;C:\Users\varghese\.m2\repository\org\bouncycastle\bcprov-jdk15on\1.68\bcprov-jdk15on-1.68.jar;C:\Users\varghese\.m2\repository\org\apache\santuario\xmlsec\2.2.1\xmlsec-2.2.1.jar;C:\Users\varghese\.m2\repository\com\fasterxml\woodstox\woodstox-core\5.2.1\woodstox-core-5.2.1.jar;C:\Users\varghese\.m2\repository\org\codehaus\woodstox\stax2-api\4.2\stax2-api-4.2.jar;C:\Users\varghese\.m2\repository\org\apache\xmlgraphics\batik-all\1.13\batik-all-1.13.jar;C:\Users\varghese\.m2\repository\org\apache\xmlgraphics\batik-anim\1.13\batik-anim-1.13.jar;C:\Users\varghese\.m2\repository\org\apache\xmlgraphics\batik-shared-resources\1.13\batik-shared-resources-1.13.jar;C:\Users\varghese\.m2\repository\xml-apis\xml-apis-ext\1.3.04\xml-apis-ext-1.3.04.jar;C:\Users\varghese\.m2\repository\org\apache\xmlgraphics\batik-awt-util\1.13\batik-awt-util-1.13.jar;C:\Users\varghese\.m2\repository\org\apache\xmlgraphics\xmlgraphics-commons\2.4\xmlgraphics-commons-2.4.jar;C:\Users\varghese\.m2\repository\commons-io\commons-io\1.3.1\commons-io-1.3.1.jar;C:\Users\varghese\.m2\repository\org\apache\xmlgraphics\batik-bridge\1.13\batik-bridge-1.13.jar;C:\Users\varghese\.m2\repository\org\apache\xmlgraphics\batik-codec\1.13\batik-codec-1.13.jar;C:\Users\varghese\.m2\repository\org\apache\xmlgraphics\batik-constants\1.13\batik-constants-1.13.jar;C:\Users\varghese\.m2\repository\org\apache\xmlgraphics\batik-css\1.13\batik-css-1.13.jar;C:\Users\varghese\.m2\repository\org\apache\xmlgraphics\batik-dom\1.13\batik-dom-1.13.jar;C:\Users\varghese\.m2\repository\xalan\xalan\2.7.2\xalan-2.7.2.jar;C:\Users\varghese\.m2\repository\xalan\serializer\2.7.2\serializer-2.7.2.jar;C:\Users\varghese\.m2\repository\org\apache\xmlgraphics\batik-ext\1.13\batik-ext-1.13.jar;C:\Users\varghese\.m2\repository\org\apache\xmlgraphics\batik-extension\1.13\batik-extension-1.13.jar;C:\Users\varghese\.m2\repository\org\apache\xmlgraphics\batik-gui-util\1.13\batik-gui-util-1.13.jar;C:\Users\varghese\.m2\repository\org\apache\xmlgraphics\batik-gvt\1.13\batik-gvt-1.13.jar;C:\Users\varghese\.m2\repository\org\apache\xmlgraphics\batik-i18n\1.13\batik-i18n-1.13.jar;C:\Users\varghese\.m2\repository\org\apache\xmlgraphics\batik-parser\1.13\batik-parser-1.13.jar;C:\Users\varghese\.m2\repository\org\apache\xmlgraphics\batik-rasterizer-ext\1.13\batik-rasterizer-ext-1.13.jar;C:\Users\varghese\.m2\repository\org\apache\xmlgraphics\batik-rasterizer\1.13\batik-rasterizer-1.13.jar;C:\Users\varghese\.m2\repository\org\apache\xmlgraphics\batik-script\1.13\batik-script-1.13.jar;C:\Users\varghese\.m2\repository\org\apache\xmlgraphics\batik-slideshow\1.13\batik-slideshow-1.13.jar;C:\Users\varghese\.m2\repository\org\apache\xmlgraphics\batik-squiggle-ext\1.13\batik-squiggle-ext-1.13.jar;C:\Users\varghese\.m2\repository\org\apache\xmlgraphics\batik-squiggle\1.13\batik-squiggle-1.13.jar;C:\Users\varghese\.m2\repository\org\apache\xmlgraphics\batik-svg-dom\1.13\batik-svg-dom-1.13.jar;C:\Users\varghese\.m2\repository\org\apache\xmlgraphics\batik-svgbrowser\1.13\batik-svgbrowser-1.13.jar;C:\Users\varghese\.m2\repository\org\apache\xmlgraphics\batik-svggen\1.13\batik-svggen-1.13.jar;C:\Users\varghese\.m2\repository\org\apache\xmlgraphics\batik-svgpp\1.13\batik-svgpp-1.13.jar;C:\Users\varghese\.m2\repository\org\apache\xmlgraphics\batik-svgrasterizer\1.13\batik-svgrasterizer-1.13.jar;C:\Users\varghese\.m2\repository\org\apache\xmlgraphics\batik-swing\1.13\batik-swing-1.13.jar;C:\Users\varghese\.m2\repository\org\apache\xmlgraphics\batik-transcoder\1.13\batik-transcoder-1.13.jar;C:\Users\varghese\.m2\repository\org\apache\xmlgraphics\batik-util\1.13\batik-util-1.13.jar;C:\Users\varghese\.m2\repository\org\apache\xmlgraphics\batik-ttf2svg\1.13\batik-ttf2svg-1.13.jar;C:\Users\varghese\.m2\repository\org\apache\xmlgraphics\batik-xml\1.13\batik-xml-1.13.jar;C:\Users\varghese\.m2\repository\de\rototor\pdfbox\graphics2d\0.30\graphics2d-0.30.jar;C:\Users\varghese\.m2\repository\org\apache\pdfbox\pdfbox\2.0.22\pdfbox-2.0.22.jar;C:\Users\varghese\.m2\repository\org\apache\pdfbox\fontbox\2.0.22\fontbox-2.0.22.jar;C:\Users\varghese\.m2\repository\com\aventstack\extentreports\4.0.8\extentreports-4.0.8.jar;C:\Users\varghese\.m2\repository\org\freemarker\freemarker\2.3.23\freemarker-2.3.23.jar;C:\Users\varghese\.m2\repository\org\mongodb\mongodb-driver\3.3.0\mongodb-driver-3.3.0.jar;C:\Users\varghese\.m2\repository\org\mongodb\mongodb-driver-core\3.3.0\mongodb-driver-core-3.3.0.jar;C:\Users\varghese\.m2\repository\org\mongodb\bson\3.3.0\bson-3.3.0.jar;C:\Users\varghese\.m2\repository\com\google\code\gson\gson\2.8.5\gson-2.8.5.jar;C:\Users\varghese\.m2\repository\log4j\log4j\1.2.17\log4j-1.2.17.jar;"/>
    <property name="sun.cpu.endian" value="little"/>
    <property name="user.home" value="C:\Users\varghese"/>
    <property name="user.language" value="en"/>
    <property name="java.specification.vendor" value="Oracle Corporation"/>
    <property name="java.home" value="C:\Program Files\Java\jdk1.8.0_202\jre"/>
    <property name="basedir" value="D:\Software Testing\RestAssured\Rest-assured-hybrid"/>
    <property name="file.separator" value="\"/>
    <property name="line.separator" value="&#10;"/>
    <property name="java.vm.specification.vendor" value="Oracle Corporation"/>
    <property name="java.specification.name" value="Java Platform API Specification"/>
    <property name="java.awt.graphicsenv" value="sun.awt.Win32GraphicsEnvironment"/>
    <property name="surefire.real.class.path" value="C:\Users\varghese\AppData\Local\Temp\surefire4206380339646440677\surefirebooter5739999910762038985.jar"/>
    <property name="sun.boot.class.path" value="C:\Program Files\Java\jdk1.8.0_202\jre\lib\resources.jar;C:\Program Files\Java\jdk1.8.0_202\jre\lib\rt.jar;C:\Program Files\Java\jdk1.8.0_202\jre\lib\sunrsasign.jar;C:\Program Files\Java\jdk1.8.0_202\jre\lib\jsse.jar;C:\Program Files\Java\jdk1.8.0_202\jre\lib\jce.jar;C:\Program Files\Java\jdk1.8.0_202\jre\lib\charsets.jar;C:\Program Files\Java\jdk1.8.0_202\jre\lib\jfr.jar;C:\Program Files\Java\jdk1.8.0_202\jre\classes"/>
    <property name="user.script" value=""/>
    <property name="sun.management.compiler" value="HotSpot 64-Bit Tiered Compilers"/>
    <property name="java.runtime.version" value="1.8.0_202-b08"/>
    <property name="user.name" value="varghese"/>
    <property name="path.separator" value=";"/>
    <property name="os.version" value="10.0"/>
    <property name="java.endorsed.dirs" value="C:\Program Files\Java\jdk1.8.0_202\jre\lib\endorsed"/>
    <property name="java.runtime.name" value="Java(TM) SE Runtime Environment"/>
    <property name="file.encoding" value="Cp1252"/>
    <property name="java.vm.name" value="Java HotSpot(TM) 64-Bit Server VM"/>
    <property name="localRepository" value="C:\Users\varghese\.m2\repository"/>
    <property name="java.vendor.url.bug" value="http://bugreport.sun.com/bugreport/"/>
    <property name="java.io.tmpdir" value="C:\Users\varghese\AppData\Local\Temp\"/>
    <property name="java.version" value="1.8.0_202"/>
    <property name="user.dir" value="D:\Software Testing\RestAssured\Rest-assured-hybrid"/>
    <property name="os.arch" value="amd64"/>
    <property name="java.vm.specification.name" value="Java Virtual Machine Specification"/>
    <property name="java.awt.printerjob" value="sun.awt.windows.WPrinterJob"/>
    <property name="sun.os.patch.level" value=""/>
    <property name="java.library.path" value="C:\Program Files\Java\jdk1.8.0_202\jre\bin;C:\WINDOWS\Sun\Java\bin;C:\WINDOWS\system32;C:\WINDOWS;C:\Program Files\Java\jdk1.8.0_202\/bin;C:\Program Files\Java\jdk1.8.0_202\/bin;C:\Program Files (x86)\Common Files\Oracle\Java\javapath;C:\Python38\Scripts\;C:\Python38\;C:\WINDOWS\system32;C:\WINDOWS;C:\WINDOWS\System32\Wbem;C:\WINDOWS\System32\WindowsPowerShell\v1.0\;C:\WINDOWS\System32\OpenSSH\;C:\Program Files\nodejs\;C:\ProgramData\chocolatey\bin;C:\xampp\php;C:\Program Files\PostgreSQL\13\bin;C:\Program Files\Java\jdk-17\bin;D:\Software Testing\HybridTdd\iNetBanking\drivers\IEDriverServer.exe;C:\Program Files\apache-maven-3.8.3\bin;C:\Users\varghese\Downloads\openjdk-11+28_windows-x64_bin\jdk-11\bin;C:\Program Files\java\jdk-17\bin;C:\Program Files\Git\cmd;C:\Program Files\MySQL\MySQL Shell 8.0\bin\;C:\Program Files\Common Files\Oracle\Java\javapath;C:\Python38\Scripts\;C:\Python38\;C:\WINDOWS\system32;C:\WINDOWS;C:\WINDOWS\System32\Wbem;C:\WINDOWS\System32\WindowsPowerShell\v1.0\;C:\WINDOWS\System32\OpenSSH\;C:\Program Files\Git\cmd;C:\Program Files\nodejs\;C:\ProgramData\chocolatey\bin;C:\xampp\php;C:\Program Files\PostgreSQL\13\bin;C:\Program Files\Java\jdk-17\bin;D:\STDownloads\Drivers;C:\Users\varghese\AppData\Local\Microsoft\WindowsApps;C:\Users\varghese\AppData\Local\Programs\Microsoft VS Code\bin;C:\Users\varghese\AppData\Local\atom\bin;C:\Program Files\heroku\bin;C:\Users\varghese\AppData\Local\Microsoft\WindowsApps;C:\Users\varghese\AppData\Roaming\npm;;."/>
    <property name="java.vm.info" value="mixed mode"/>
    <property name="java.vendor" value="Oracle Corporation"/>
    <property name="java.vm.version" value="25.202-b08"/>
    <property name="java.ext.dirs" value="C:\Program Files\Java\jdk1.8.0_202\jre\lib\ext;C:\WINDOWS\Sun\Java\lib\ext"/>
    <property name="sun.io.unicode.encoding" value="UnicodeLittle"/>
    <property name="java.class.version" value="52.0"/>
  </properties>
  <testcase name="checkContentType" classname="com.employee.api.testCases.TC001_Get_all_employees" time="0.015">
    <failure message="expected [application/json] but found [text/html; charset=UTF-8]" type="java.lang.AssertionError"><![CDATA[java.lang.AssertionError: expected [application/json] but found [text/html; charset=UTF-8]
	at com.employee.api.testCases.TC001_Get_all_employees.checkContentType(TC001_Get_all_employees.java:65)
]]></failure>
    <system-out><![CDATA[ INFO [main] (TC001_Get_all_employees.java:19)- ****TC001_Get_all_employees started****
 INFO [main] (TC001_Get_all_employees.java:62)- ****checking content type****
 INFO [main] (TC001_Get_all_employees.java:64)- content type is text/html; charset=UTF-8
]]></system-out>
    <system-err><![CDATA[SLF4J: Failed to load class "org.slf4j.impl.StaticLoggerBinder".
SLF4J: Defaulting to no-operation (NOP) logger implementation
SLF4J: See http://www.slf4j.org/codes.html#StaticLoggerBinder for further details.
]]></system-err>
  </testcase>
  <testcase name="checkResponseBody" classname="com.employee.api.testCases.TC001_Get_all_employees" time="0.019">
    <system-out><![CDATA[ INFO [main] (TC001_Get_all_employees.java:31)- ****checking response body****
 INFO [main] (TC001_Get_all_employees.java:34)- response body==> <!DOCTYPE html>
<html lang="en">
    <head>
        <meta charset="utf-8">
        <meta name="viewport" content="width=device-width, initial-scale=1">

        <title>Too Many Requests</title>

        <!-- Fonts -->
        <link rel="dns-prefetch" href="//fonts.gstatic.com">
        <link href="https://fonts.googleapis.com/css?family=Nunito" rel="stylesheet">

        <!-- Styles -->
        <style>
            html, body {
                background-color: #fff;
                color: #636b6f;
                font-family: 'Nunito', sans-serif;
                font-weight: 100;
                height: 100vh;
                margin: 0;
            }

            .full-height {
                height: 100vh;
            }

            .flex-center {
                align-items: center;
                display: flex;
                justify-content: center;
            }

            .position-ref {
                position: relative;
            }

            .code {
                border-right: 2px solid;
                font-size: 26px;
                padding: 0 15px 0 15px;
                text-align: center;
            }

            .message {
                font-size: 18px;
                text-align: center;
            }
        </style>
    </head>
    <body>
        <div class="flex-center position-ref full-height">
            <div class="code">
                429            </div>

            <div class="message" style="padding: 10px;">
                Too Many Requests            </div>
        </div>
    </body>
</html>

]]></system-out>
  </testcase>
  <testcase name="checkResponseTime" classname="com.employee.api.testCases.TC001_Get_all_employees" time="0.004">
    <system-out><![CDATA[ INFO [main] (TC001_Get_all_employees.java:78)- ****checking response time****
 INFO [main] (TC001_Get_all_employees.java:80)- response time is 1819
]]></system-out>
  </testcase>
  <testcase name="checkServerType" classname="com.employee.api.testCases.TC001_Get_all_employees" time="0.001">
    <system-out><![CDATA[ INFO [main] (TC001_Get_all_employees.java:70)- ****checking server type****
 INFO [main] (TC001_Get_all_employees.java:72)- content type is cloudflare
]]></system-out>
  </testcase>
  <testcase name="checkStatusCode" classname="com.employee.api.testCases.TC001_Get_all_employees" time="0.001">
    <failure message="expected [200] but found [429]" type="java.lang.AssertionError"><![CDATA[java.lang.AssertionError: expected [200] but found [429]
	at com.employee.api.testCases.TC001_Get_all_employees.checkStatusCode(TC001_Get_all_employees.java:45)
]]></failure>
    <system-out><![CDATA[ INFO [main] (TC001_Get_all_employees.java:41)- ****checking status code****
 INFO [main] (TC001_Get_all_employees.java:44)- status code 429
]]></system-out>
  </testcase>
  <testcase name="checkStatusLine" classname="com.employee.api.testCases.TC001_Get_all_employees" time="0.001">
    <failure message="expected [HTTP/1.1 200 OK] but found [HTTP/1.1 429 Too Many Requests]" type="java.lang.AssertionError"><![CDATA[java.lang.AssertionError: expected [HTTP/1.1 200 OK] but found [HTTP/1.1 429 Too Many Requests]
	at com.employee.api.testCases.TC001_Get_all_employees.checkStatusLine(TC001_Get_all_employees.java:57)
]]></failure>
    <system-out><![CDATA[ INFO [main] (TC001_Get_all_employees.java:51)- ****checking status line****
HTTP/1.1 429 Too Many Requests
 INFO [main] (TC001_Get_all_employees.java:56)- status code HTTP/1.1 429 Too Many Requests
]]></system-out>
  </testcase>
  <testcase name="tearDown" classname="com.employee.api.testCases.TC001_Get_all_employees" time="0.001">
    <system-out><![CDATA[ INFO [main] (TC001_Get_all_employees.java:93)- ****finished TC001_Get_all_employees**** 
]]></system-out>
  </testcase>
  <testcase name="checkContentType" classname="com.employee.api.testCases.TC002_Get_single_employee_data" time="0.005">
    <failure message="expected [application/json] but found [text/html; charset=UTF-8]" type="java.lang.AssertionError"><![CDATA[java.lang.AssertionError: expected [application/json] but found [text/html; charset=UTF-8]
	at com.employee.api.testCases.TC002_Get_single_employee_data.checkContentType(TC002_Get_single_employee_data.java:64)
]]></failure>
    <system-out><![CDATA[ INFO [main] (TC002_Get_single_employee_data.java:17)- ****TC002_Get_single_employee_data started****
 INFO [main] (TC002_Get_single_employee_data.java:61)- ****checking content type****
 INFO [main] (TC002_Get_single_employee_data.java:63)- content type is text/html; charset=UTF-8
]]></system-out>
  </testcase>
  <testcase name="checkResponseBody" classname="com.employee.api.testCases.TC002_Get_single_employee_data" time="0.012">
    <system-out><![CDATA[ INFO [main] (TC002_Get_single_employee_data.java:30)- ****checking response body****
 INFO [main] (TC002_Get_single_employee_data.java:33)- response body==> <!DOCTYPE html>
<html lang="en">
    <head>
        <meta charset="utf-8">
        <meta name="viewport" content="width=device-width, initial-scale=1">

        <title>Too Many Requests</title>

        <!-- Fonts -->
        <link rel="dns-prefetch" href="//fonts.gstatic.com">
        <link href="https://fonts.googleapis.com/css?family=Nunito" rel="stylesheet">

        <!-- Styles -->
        <style>
            html, body {
                background-color: #fff;
                color: #636b6f;
                font-family: 'Nunito', sans-serif;
                font-weight: 100;
                height: 100vh;
                margin: 0;
            }

            .full-height {
                height: 100vh;
            }

            .flex-center {
                align-items: center;
                display: flex;
                justify-content: center;
            }

            .position-ref {
                position: relative;
            }

            .code {
                border-right: 2px solid;
                font-size: 26px;
                padding: 0 15px 0 15px;
                text-align: center;
            }

            .message {
                font-size: 18px;
                text-align: center;
            }
        </style>
    </head>
    <body>
        <div class="flex-center position-ref full-height">
            <div class="code">
                429            </div>

            <div class="message" style="padding: 10px;">
                Too Many Requests            </div>
        </div>
    </body>
</html>

]]></system-out>
  </testcase>
  <testcase name="checkResponseTime" classname="com.employee.api.testCases.TC002_Get_single_employee_data" time="0">
    <system-out><![CDATA[ INFO [main] (TC002_Get_single_employee_data.java:77)- ****checking response time****
 INFO [main] (TC002_Get_single_employee_data.java:79)- response time is 1784
]]></system-out>
  </testcase>
  <testcase name="checkServerType" classname="com.employee.api.testCases.TC002_Get_single_employee_data" time="0.002">
    <system-out><![CDATA[ INFO [main] (TC002_Get_single_employee_data.java:69)- ****checking server type****
 INFO [main] (TC002_Get_single_employee_data.java:71)- content type is cloudflare
]]></system-out>
  </testcase>
  <testcase name="checkStatusCode" classname="com.employee.api.testCases.TC002_Get_single_employee_data" time="0">
    <failure message="expected [200] but found [429]" type="java.lang.AssertionError"><![CDATA[java.lang.AssertionError: expected [200] but found [429]
	at com.employee.api.testCases.TC002_Get_single_employee_data.checkStatusCode(TC002_Get_single_employee_data.java:44)
]]></failure>
    <system-out><![CDATA[ INFO [main] (TC002_Get_single_employee_data.java:40)- ****checking status code****
 INFO [main] (TC002_Get_single_employee_data.java:43)- status code 429
]]></system-out>
  </testcase>
  <testcase name="checkStatusLine" classname="com.employee.api.testCases.TC002_Get_single_employee_data" time="0.002">
    <failure message="expected [HTTP/1.1 200 OK] but found [HTTP/1.1 429 Too Many Requests]" type="java.lang.AssertionError"><![CDATA[java.lang.AssertionError: expected [HTTP/1.1 200 OK] but found [HTTP/1.1 429 Too Many Requests]
	at com.employee.api.testCases.TC002_Get_single_employee_data.checkStatusLine(TC002_Get_single_employee_data.java:56)
]]></failure>
    <system-out><![CDATA[ INFO [main] (TC002_Get_single_employee_data.java:50)- ****checking status line****
HTTP/1.1 429 Too Many Requests
 INFO [main] (TC002_Get_single_employee_data.java:55)- status code HTTP/1.1 429 Too Many Requests
]]></system-out>
  </testcase>
  <testcase name="tearDown" classname="com.employee.api.testCases.TC002_Get_single_employee_data" time="0.003">
    <system-out><![CDATA[ INFO [main] (TC002_Get_single_employee_data.java:92)- ****finished TC002_Get_single_employee_data**** 
]]></system-out>
  </testcase>
  <testcase name="checkContentType" classname="com.employee.api.testCases.TC003_Create_employee" time="0.003">
    <failure message="expected [application/json] but found [text/html; charset=UTF-8]" type="java.lang.AssertionError"><![CDATA[java.lang.AssertionError: expected [application/json] but found [text/html; charset=UTF-8]
	at com.employee.api.testCases.TC003_Create_employee.checkContentType(TC003_Create_employee.java:83)
]]></failure>
    <system-out><![CDATA[ INFO [main] (TC003_Create_employee.java:23)- ****TC003_Create_employee started****
 INFO [main] (TC003_Create_employee.java:80)- ****checking content type****
 INFO [main] (TC003_Create_employee.java:82)- content type is text/html; charset=UTF-8
]]></system-out>
  </testcase>
  <testcase name="checkResponseBody" classname="com.employee.api.testCases.TC003_Create_employee" time="0.006">
    <failure message="expected [true] but found [false]" type="java.lang.AssertionError"><![CDATA[java.lang.AssertionError: expected [true] but found [false]
	at com.employee.api.testCases.TC003_Create_employee.checkResponseBody(TC003_Create_employee.java:51)
]]></failure>
    <system-out><![CDATA[ INFO [main] (TC003_Create_employee.java:47)- ****checking response body****
 INFO [main] (TC003_Create_employee.java:50)- response body==> <!DOCTYPE html>
<html lang="en">
    <head>
        <meta charset="utf-8">
        <meta name="viewport" content="width=device-width, initial-scale=1">

        <title>Too Many Requests</title>

        <!-- Fonts -->
        <link rel="dns-prefetch" href="//fonts.gstatic.com">
        <link href="https://fonts.googleapis.com/css?family=Nunito" rel="stylesheet">

        <!-- Styles -->
        <style>
            html, body {
                background-color: #fff;
                color: #636b6f;
                font-family: 'Nunito', sans-serif;
                font-weight: 100;
                height: 100vh;
                margin: 0;
            }

            .full-height {
                height: 100vh;
            }

            .flex-center {
                align-items: center;
                display: flex;
                justify-content: center;
            }

            .position-ref {
                position: relative;
            }

            .code {
                border-right: 2px solid;
                font-size: 26px;
                padding: 0 15px 0 15px;
                text-align: center;
            }

            .message {
                font-size: 18px;
                text-align: center;
            }
        </style>
    </head>
    <body>
        <div class="flex-center position-ref full-height">
            <div class="code">
                429            </div>

            <div class="message" style="padding: 10px;">
                Too Many Requests            </div>
        </div>
    </body>
</html>

]]></system-out>
  </testcase>
  <testcase name="checkResponseTime" classname="com.employee.api.testCases.TC003_Create_employee" time="0.002">
    <system-out><![CDATA[ INFO [main] (TC003_Create_employee.java:96)- ****checking response time****
 INFO [main] (TC003_Create_employee.java:98)- response time is 1596
]]></system-out>
  </testcase>
  <testcase name="checkServerType" classname="com.employee.api.testCases.TC003_Create_employee" time="0.002">
    <system-out><![CDATA[ INFO [main] (TC003_Create_employee.java:88)- ****checking server type****
 INFO [main] (TC003_Create_employee.java:90)- content type is cloudflare
]]></system-out>
  </testcase>
  <testcase name="checkStatusCode" classname="com.employee.api.testCases.TC003_Create_employee" time="0.002">
    <failure message="expected [200] but found [429]" type="java.lang.AssertionError"><![CDATA[java.lang.AssertionError: expected [200] but found [429]
	at com.employee.api.testCases.TC003_Create_employee.checkStatusCode(TC003_Create_employee.java:63)
]]></failure>
    <system-out><![CDATA[ INFO [main] (TC003_Create_employee.java:59)- ****checking status code****
 INFO [main] (TC003_Create_employee.java:62)- status code 429
]]></system-out>
  </testcase>
  <testcase name="checkStatusLine" classname="com.employee.api.testCases.TC003_Create_employee" time="0.003">
    <failure message="expected [HTTP/1.1 200 OK] but found [HTTP/1.1 429 Too Many Requests]" type="java.lang.AssertionError"><![CDATA[java.lang.AssertionError: expected [HTTP/1.1 200 OK] but found [HTTP/1.1 429 Too Many Requests]
	at com.employee.api.testCases.TC003_Create_employee.checkStatusLine(TC003_Create_employee.java:75)
]]></failure>
    <system-out><![CDATA[ INFO [main] (TC003_Create_employee.java:69)- ****checking status line****
HTTP/1.1 429 Too Many Requests
 INFO [main] (TC003_Create_employee.java:74)- status code HTTP/1.1 429 Too Many Requests
]]></system-out>
  </testcase>
  <testcase name="tearDown" classname="com.employee.api.testCases.TC003_Create_employee" time="0.003">
    <system-out><![CDATA[ INFO [main] (TC003_Create_employee.java:111)- ****finished TC003_Create_employee**** 
]]></system-out>
  </testcase>
  <testcase name="checkContentType" classname="com.employee.api.testCases.TC004_Update_employee" time="0.002">
    <system-out><![CDATA[ INFO [main] (TC004_Update_employee.java:22)- ****TC004_Update_employee****
 INFO [main] (TC004_Update_employee.java:75)- ****checking content type****
 INFO [main] (TC004_Update_employee.java:77)- content type is application/json
]]></system-out>
  </testcase>
  <testcase name="checkResponseBody" classname="com.employee.api.testCases.TC004_Update_employee" time="0.003">
    <system-out><![CDATA[ INFO [main] (TC004_Update_employee.java:43)- ****checking response body****
 INFO [main] (TC004_Update_employee.java:46)- response body==> {"status":"success","data":{"employee_name":"johnf"},"message":"Successfully! Record has been updated."}
]]></system-out>
  </testcase>
  <testcase name="checkResponseTime" classname="com.employee.api.testCases.TC004_Update_employee" time="0.001">
    <system-out><![CDATA[ INFO [main] (TC004_Update_employee.java:91)- ****checking response time****
 INFO [main] (TC004_Update_employee.java:93)- response time is 1605
]]></system-out>
  </testcase>
  <testcase name="checkServerType" classname="com.employee.api.testCases.TC004_Update_employee" time="0.002">
    <system-out><![CDATA[ INFO [main] (TC004_Update_employee.java:83)- ****checking server type****
 INFO [main] (TC004_Update_employee.java:85)- content type is cloudflare
]]></system-out>
  </testcase>
  <testcase name="checkStatusCode" classname="com.employee.api.testCases.TC004_Update_employee" time="0.002">
    <system-out><![CDATA[ INFO [main] (TC004_Update_employee.java:54)- ****checking status code****
 INFO [main] (TC004_Update_employee.java:57)- status code 200
]]></system-out>
  </testcase>
  <testcase name="checkStatusLine" classname="com.employee.api.testCases.TC004_Update_employee" time="0.002">
    <system-out><![CDATA[ INFO [main] (TC004_Update_employee.java:64)- ****checking status line****
HTTP/1.1 200 OK
 INFO [main] (TC004_Update_employee.java:69)- status code HTTP/1.1 200 OK
]]></system-out>
  </testcase>
  <testcase name="tearDown" classname="com.employee.api.testCases.TC004_Update_employee" time="0">
    <system-out><![CDATA[ INFO [main] (TC004_Update_employee.java:106)- ****finished TC004_Update_employee**** 
]]></system-out>
  </testcase>
  <testcase name="checkContentType" classname="com.employee.api.testCases.TC005_Delete_employee" time="0.004">
    <failure message="expected [application/json] but found [text/html; charset=UTF-8]" type="java.lang.AssertionError"><![CDATA[java.lang.AssertionError: expected [application/json] but found [text/html; charset=UTF-8]
	at com.employee.api.testCases.TC005_Delete_employee.checkContentType(TC005_Delete_employee.java:71)
]]></failure>
    <system-out><![CDATA[ INFO [main] (TC005_Delete_employee.java:18)- ****TC005_Delete_employee****
 INFO [main] (TC005_Delete_employee.java:68)- ****checking content type****
 INFO [main] (TC005_Delete_employee.java:70)- content type is text/html; charset=UTF-8
]]></system-out>
  </testcase>
  <testcase name="checkResponseBody" classname="com.employee.api.testCases.TC005_Delete_employee" time="0.006">
    <failure message="expected [true] but found [false]" type="java.lang.AssertionError"><![CDATA[java.lang.AssertionError: expected [true] but found [false]
	at com.employee.api.testCases.TC005_Delete_employee.checkResponseBody(TC005_Delete_employee.java:40)
]]></failure>
    <system-out><![CDATA[ INFO [main] (TC005_Delete_employee.java:36)- ****checking response body****
 INFO [main] (TC005_Delete_employee.java:39)- response body==> <!DOCTYPE html>
<html lang="en">
    <head>
        <meta charset="utf-8">
        <meta name="viewport" content="width=device-width, initial-scale=1">

        <title>Too Many Requests</title>

        <!-- Fonts -->
        <link rel="dns-prefetch" href="//fonts.gstatic.com">
        <link href="https://fonts.googleapis.com/css?family=Nunito" rel="stylesheet">

        <!-- Styles -->
        <style>
            html, body {
                background-color: #fff;
                color: #636b6f;
                font-family: 'Nunito', sans-serif;
                font-weight: 100;
                height: 100vh;
                margin: 0;
            }

            .full-height {
                height: 100vh;
            }

            .flex-center {
                align-items: center;
                display: flex;
                justify-content: center;
            }

            .position-ref {
                position: relative;
            }

            .code {
                border-right: 2px solid;
                font-size: 26px;
                padding: 0 15px 0 15px;
                text-align: center;
            }

            .message {
                font-size: 18px;
                text-align: center;
            }
        </style>
    </head>
    <body>
        <div class="flex-center position-ref full-height">
            <div class="code">
                429            </div>

            <div class="message" style="padding: 10px;">
                Too Many Requests            </div>
        </div>
    </body>
</html>

]]></system-out>
  </testcase>
  <testcase name="checkResponseTime" classname="com.employee.api.testCases.TC005_Delete_employee" time="0.001">
    <system-out><![CDATA[ INFO [main] (TC005_Delete_employee.java:84)- ****checking response time****
 INFO [main] (TC005_Delete_employee.java:86)- response time is 1724
]]></system-out>
  </testcase>
  <testcase name="checkServerType" classname="com.employee.api.testCases.TC005_Delete_employee" time="0.002">
    <system-out><![CDATA[ INFO [main] (TC005_Delete_employee.java:76)- ****checking server type****
 INFO [main] (TC005_Delete_employee.java:78)- content type is cloudflare
]]></system-out>
  </testcase>
  <testcase name="checkStatusCode" classname="com.employee.api.testCases.TC005_Delete_employee" time="0.002">
    <failure message="expected [200] but found [429]" type="java.lang.AssertionError"><![CDATA[java.lang.AssertionError: expected [200] but found [429]
	at com.employee.api.testCases.TC005_Delete_employee.checkStatusCode(TC005_Delete_employee.java:51)
]]></failure>
    <system-out><![CDATA[ INFO [main] (TC005_Delete_employee.java:47)- ****checking status code****
 INFO [main] (TC005_Delete_employee.java:50)- status code 429
]]></system-out>
  </testcase>
  <testcase name="checkStatusLine" classname="com.employee.api.testCases.TC005_Delete_employee" time="0.003">
    <failure message="expected [HTTP/1.1 200 OK] but found [HTTP/1.1 429 Too Many Requests]" type="java.lang.AssertionError"><![CDATA[java.lang.AssertionError: expected [HTTP/1.1 200 OK] but found [HTTP/1.1 429 Too Many Requests]
	at com.employee.api.testCases.TC005_Delete_employee.checkStatusLine(TC005_Delete_employee.java:63)
]]></failure>
    <system-out><![CDATA[ INFO [main] (TC005_Delete_employee.java:57)- ****checking status line****
HTTP/1.1 429 Too Many Requests
 INFO [main] (TC005_Delete_employee.java:62)- status code HTTP/1.1 429 Too Many Requests
]]></system-out>
  </testcase>
  <testcase name="tearDown" classname="com.employee.api.testCases.TC005_Delete_employee" time="0">
    <system-out><![CDATA[ INFO [main] (TC005_Delete_employee.java:99)- ****finished TC005_Delete_employee**** 
]]></system-out>
  </testcase>
</testsuite>