<?xml version="1.0" encoding="UTF-8"?>
<!-- Generated by org.testng.reporters.JUnitReportReporter -->
<testsuite hostname="LAPTOP-BKNNN7A8" failures="0" tests="7" name="com.employee.api.testCases.TC005_Delete_employee" time="0.019" errors="0" timestamp="2021-11-28T10:54:39 IST" skipped="0">
  <testcase classname="com.employee.api.testCases.TC005_Delete_employee" name="tearDown" time="0.002"/>
  <system-out/>
  <testcase classname="com.employee.api.testCases.TC005_Delete_employee" name="checkStatusCode" time="0.002"/>
  <system-out/>
  <testcase classname="com.employee.api.testCases.TC005_Delete_employee" name="checkContentType" time="0.003"/>
  <system-out/>
  <testcase classname="com.employee.api.testCases.TC005_Delete_employee" name="checkResponseBody" time="0.009"/>
  <system-out/>
  <testcase classname="com.employee.api.testCases.TC005_Delete_employee" name="checkResponseTime" time="0.001"/>
  <system-out/>
  <testcase classname="com.employee.api.testCases.TC005_Delete_employee" name="checkStatusLine" time="0.001"/>
  <system-out/>
  <testcase classname="com.employee.api.testCases.TC005_Delete_employee" name="checkServerType" time="0.001"/>
  <system-out/>
</testsuite> <!-- com.employee.api.testCases.TC005_Delete_employee -->
