<?xml version="1.0" encoding="UTF-8"?>
<!-- Generated by org.testng.reporters.JUnitReportReporter -->
<testsuite skipped="0" hostname="LAPTOP-BKNNN7A8" name="com.employee.api.testCases.TC004_Update_employee" tests="7" failures="0" timestamp="2021-11-28T18:39:20 IST" time="0.011" errors="0">
  <testcase name="checkServerType" time="0.001" classname="com.employee.api.testCases.TC004_Update_employee"/>
  <system-out/>
  <testcase name="checkStatusCode" time="0.002" classname="com.employee.api.testCases.TC004_Update_employee"/>
  <system-out/>
  <testcase name="checkContentType" time="0.002" classname="com.employee.api.testCases.TC004_Update_employee"/>
  <system-out/>
  <testcase name="checkResponseBody" time="0.003" classname="com.employee.api.testCases.TC004_Update_employee"/>
  <system-out/>
  <testcase name="tearDown" time="0.001" classname="com.employee.api.testCases.TC004_Update_employee"/>
  <system-out/>
  <testcase name="checkStatusLine" time="0.001" classname="com.employee.api.testCases.TC004_Update_employee"/>
  <system-out/>
  <testcase name="checkResponseTime" time="0.001" classname="com.employee.api.testCases.TC004_Update_employee"/>
  <system-out/>
</testsuite> <!-- com.employee.api.testCases.TC004_Update_employee -->
